#
# A fatal error has been detected by the Java Runtime Environment:
#
#  SIGSEGV (0xb) at pc=0x0000000000000000, pid=44663, tid=0x0000000000012503
#
# JRE version: OpenJDK Runtime Environment (8.0_242) (build 1.8.0_242-release-1644-b3-6222593)
# Java VM: OpenJDK 64-Bit Server VM (25.242-b3-6222593 mixed mode bsd-amd64 compressed oops)
# Problematic frame:
# C  0x0000000000000000
#
# Failed to write core dump. Core dumps have been disabled. To enable core dumping, try "ulimit -c unlimited" before starting Java again
#
# If you would like to submit a bug report, please visit:
#   http://bugreport.java.com/bugreport/crash.jsp
#

---------------  T H R E A D  ---------------

Current thread is native thread

siginfo: si_signo: 11 (SIGSEGV), si_code: 1 (SEGV_MAPERR), si_addr: 0x0000000000000000

Registers:
RAX=0x0000000110f4b508, RBX=0x00000000000161b0, RCX=0x0000000000000010, RDX=0xfffffffffffffff0
RSP=0x0000700007f5ca38, RBP=0x0000700007f5cae0, RSI=0x0000000000000000, RDI=0x00007fa9de490000
R8 =0x0000000000000200, R9 =0x00007fa9dac41540, R10=0x0000000110f88624, R11=0xffffffffffffe180
R12=0x0000000000000200, R13=0x00007fa9de490000, R14=0x00007fa9daea4e80, R15=0x0000000000000800
RIP=0x0000000000000000, EFLAGS=0x0000000000010246, ERR=0x0000000000000014
  TRAPNO=0x000000000000000e

Top of Stack: (sp=0x0000700007f5ca38)
0x0000700007f5ca38:   0000000110f1d639 0000000000000000
0x0000700007f5ca48:   0000000000000000 00007fa9de4981b0
0x0000700007f5ca58:   0000000111122010 00007fa9de4961b0
0x0000700007f5ca68:   0000020000000000 0000000000000000
0x0000700007f5ca78:   0000000000000800 0000000000000200
0x0000700007f5ca88:   00007fa9de4941b0 00007fa9de490000
0x0000700007f5ca98:   000002006cd50318 0000700007f5caf0
0x0000700007f5caa8:   000000010000037f